[2012-02-16 10:35:45] security.INFO: Populated SecurityContext with an anonymous Token [] []
[2012-02-16 10:35:45] request.ERROR: Symfony\Component\HttpKernel\Exception\NotFoundHttpException: No route found for "GET /login" (uncaught exception) at C:\wamp\www\poivre\vendor\symfony\src\Symfony\Bundle\FrameworkBundle\EventListener\RouterListener.php line 83 [] []
[2012-02-20 17:39:38] request.ERROR: Symfony\Component\HttpKernel\Exception\NotFoundHttpException: No route found for "GET /css/style.css" (uncaught exception) at C:\wamp\www\poivre\vendor\symfony\src\Symfony\Bundle\FrameworkBundle\EventListener\RouterListener.php line 83 [] []
[2012-02-20 17:39:57] request.ERROR: Symfony\Component\HttpKernel\Exception\NotFoundHttpException: No route found for "GET /css/style.css" (uncaught exception) at C:\wamp\www\poivre\app\cache\prod\classes.php line 4560 [] []
[2012-02-20 17:40:50] request.ERROR: Symfony\Component\HttpKernel\Exception\NotFoundHttpException: No route found for "GET /css/style.css" (uncaught exception) at C:\wamp\www\poivre\app\cache\prod\classes.php line 4560 [] []
[2012-02-20 17:46:54] request.ERROR: Symfony\Component\HttpKernel\Exception\NotFoundHttpException: No route found for "GET /css/style.css" (uncaught exception) at C:\wamp\www\poivre\app\cache\prod\classes.php line 4560 [] []
[2012-02-20 17:46:55] request.ERROR: Symfony\Component\HttpKernel\Exception\NotFoundHttpException: No route found for "GET /css/style.css" (uncaught exception) at C:\wamp\www\poivre\app\cache\prod\classes.php line 4560 [] []
[2012-02-20 17:46:56] request.ERROR: Symfony\Component\HttpKernel\Exception\NotFoundHttpException: No route found for "GET /css/style.css" (uncaught exception) at C:\wamp\www\poivre\app\cache\prod\classes.php line 4560 [] []
[2012-02-20 17:47:01] request.ERROR: Symfony\Component\HttpKernel\Exception\NotFoundHttpException: No route found for "GET /css/style.css" (uncaught exception) at C:\wamp\www\poivre\app\cache\prod\classes.php line 4560 [] []
[2012-02-20 17:47:16] request.ERROR: Symfony\Component\HttpKernel\Exception\NotFoundHttpException: No route found for "GET /css/style.css" (uncaught exception) at C:\wamp\www\poivre\app\cache\prod\classes.php line 4560 [] []
[2012-02-20 17:47:18] request.ERROR: Symfony\Component\HttpKernel\Exception\NotFoundHttpException: No route found for "GET /css/style.css" (uncaught exception) at C:\wamp\www\poivre\app\cache\prod\classes.php line 4560 [] []
[2012-02-20 18:29:42] request.ERROR: Symfony\Component\HttpKernel\Exception\NotFoundHttpException: No route found for "GET /css/style.css" (uncaught exception) at C:\wamp\www\poivre\app\cache\prod\classes.php line 4560 [] []
[2012-02-20 18:30:01] request.ERROR: Symfony\Component\HttpKernel\Exception\NotFoundHttpException: No route found for "GET /css/style.css" (uncaught exception) at C:\wamp\www\poivre\app\cache\prod\classes.php line 4560 [] []
[2012-02-20 18:30:08] request.ERROR: Symfony\Component\HttpKernel\Exception\NotFoundHttpException: No route found for "GET /css/style.css" (uncaught exception) at C:\wamp\www\poivre\app\cache\prod\classes.php line 4560 [] []
[2012-02-20 18:38:24] request.ERROR: Symfony\Component\HttpKernel\Exception\NotFoundHttpException: No route found for "GET /css/style.css" (uncaught exception) at C:\wamp\www\poivre\app\cache\prod\classes.php line 4560 [] []
[2012-02-20 18:49:53] request.ERROR: Symfony\Component\HttpKernel\Exception\NotFoundHttpException: No route found for "GET /css/style.css" (uncaught exception) at C:\wamp\www\poivre\app\cache\prod\classes.php line 4560 [] []
[2012-02-20 18:54:32] request.ERROR: Symfony\Component\HttpKernel\Exception\NotFoundHttpException: No route found for "GET /css/style.css" (uncaught exception) at C:\wamp\www\poivre\app\cache\prod\classes.php line 4560 [] []
[2012-02-20 18:56:15] request.ERROR: Symfony\Component\HttpKernel\Exception\NotFoundHttpException: No route found for "GET /css/style.css" (uncaught exception) at C:\wamp\www\poivre\app\cache\prod\classes.php line 4560 [] []
[2012-02-20 18:56:28] request.ERROR: Symfony\Component\HttpKernel\Exception\NotFoundHttpException: No route found for "GET /css/style.css" (uncaught exception) at C:\wamp\www\poivre\app\cache\prod\classes.php line 4560 [] []
[2012-02-20 18:56:29] request.ERROR: Symfony\Component\HttpKernel\Exception\NotFoundHttpException: No route found for "GET /css/style.css" (uncaught exception) at C:\wamp\www\poivre\app\cache\prod\classes.php line 4560 [] []
[2012-02-20 18:59:11] request.ERROR: Symfony\Component\HttpKernel\Exception\NotFoundHttpException: No route found for "GET /css/style.css" (uncaught exception) at C:\wamp\www\poivre\app\cache\prod\classes.php line 4560 [] []
[2012-02-20 18:59:25] request.ERROR: Symfony\Component\HttpKernel\Exception\NotFoundHttpException: No route found for "GET /css/style.css" (uncaught exception) at C:\wamp\www\poivre\app\cache\prod\classes.php line 4560 [] []
[2012-02-20 18:59:52] request.ERROR: Symfony\Component\HttpKernel\Exception\NotFoundHttpException: No route found for "GET /css/style.css" (uncaught exception) at C:\wamp\www\poivre\app\cache\prod\classes.php line 4560 [] []
[2012-02-20 19:00:24] request.ERROR: Symfony\Component\HttpKernel\Exception\NotFoundHttpException: No route found for "GET /css/style.css" (uncaught exception) at C:\wamp\www\poivre\app\cache\prod\classes.php line 4560 [] []
[2012-02-20 19:02:52] request.ERROR: Symfony\Component\HttpKernel\Exception\NotFoundHttpException: No route found for "GET /css/style.css" (uncaught exception) at C:\wamp\www\poivre\app\cache\prod\classes.php line 4560 [] []
[2012-02-20 19:03:10] request.ERROR: Symfony\Component\HttpKernel\Exception\NotFoundHttpException: No route found for "GET /css/style.css" (uncaught exception) at C:\wamp\www\poivre\app\cache\prod\classes.php line 4560 [] []
[2012-02-20 19:05:21] request.ERROR: Symfony\Component\HttpKernel\Exception\NotFoundHttpException: No route found for "GET /css/style.css" (uncaught exception) at C:\wamp\www\poivre\app\cache\prod\classes.php line 4560 [] []
[2012-02-20 19:05:24] request.ERROR: Symfony\Component\HttpKernel\Exception\NotFoundHttpException: No route found for "GET /css/style.css" (uncaught exception) at C:\wamp\www\poivre\app\cache\prod\classes.php line 4560 [] []
[2012-02-20 19:07:37] request.ERROR: Symfony\Component\HttpKernel\Exception\NotFoundHttpException: No route found for "GET /css/style.css" (uncaught exception) at C:\wamp\www\poivre\app\cache\prod\classes.php line 4560 [] []
[2012-02-20 19:07:40] request.ERROR: Symfony\Component\HttpKernel\Exception\NotFoundHttpException: No route found for "GET /css/style.css" (uncaught exception) at C:\wamp\www\poivre\app\cache\prod\classes.php line 4560 [] []
[2012-02-20 19:07:42] request.ERROR: Symfony\Component\HttpKernel\Exception\NotFoundHttpException: No route found for "GET /css/style.css" (uncaught exception) at C:\wamp\www\poivre\app\cache\prod\classes.php line 4560 [] []
[2012-02-20 19:10:12] request.ERROR: Symfony\Component\HttpKernel\Exception\NotFoundHttpException: No route found for "GET /css/style.css" (uncaught exception) at C:\wamp\www\poivre\app\cache\prod\classes.php line 4560 [] []
[2012-02-20 19:16:26] request.ERROR: Symfony\Component\HttpKernel\Exception\NotFoundHttpException: No route found for "GET /css/style.css" (uncaught exception) at C:\wamp\www\poivre\app\cache\prod\classes.php line 4560 [] []
[2012-02-20 19:18:12] request.ERROR: Symfony\Component\HttpKernel\Exception\NotFoundHttpException: No route found for "GET /css/style.css" (uncaught exception) at C:\wamp\www\poivre\app\cache\prod\classes.php line 4560 [] []
[2012-02-20 19:18:16] request.ERROR: Symfony\Component\HttpKernel\Exception\NotFoundHttpException: No route found for "GET /css/style.css" (uncaught exception) at C:\wamp\www\poivre\app\cache\prod\classes.php line 4560 [] []
[2012-02-20 19:21:13] request.ERROR: Symfony\Component\HttpKernel\Exception\NotFoundHttpException: No route found for "GET /css/style.css" (uncaught exception) at C:\wamp\www\poivre\app\cache\prod\classes.php line 4560 [] []
[2012-02-20 19:21:17] request.ERROR: Symfony\Component\HttpKernel\Exception\NotFoundHttpException: No route found for "GET /css/style.css" (uncaught exception) at C:\wamp\www\poivre\app\cache\prod\classes.php line 4560 [] []
[2012-02-20 19:21:19] request.ERROR: Symfony\Component\HttpKernel\Exception\NotFoundHttpException: No route found for "GET /css/style.css" (uncaught exception) at C:\wamp\www\poivre\app\cache\prod\classes.php line 4560 [] []
[2012-02-20 19:21:20] request.ERROR: Symfony\Component\HttpKernel\Exception\NotFoundHttpException: No route found for "GET /css/style.css" (uncaught exception) at C:\wamp\www\poivre\app\cache\prod\classes.php line 4560 [] []
[2012-02-20 19:21:21] request.ERROR: Symfony\Component\HttpKernel\Exception\NotFoundHttpException: No route found for "GET /css/style.css" (uncaught exception) at C:\wamp\www\poivre\app\cache\prod\classes.php line 4560 [] []
[2012-02-20 19:22:02] request.ERROR: Symfony\Component\HttpKernel\Exception\NotFoundHttpException: No route found for "GET /css/style.css" (uncaught exception) at C:\wamp\www\poivre\app\cache\prod\classes.php line 4560 [] []
[2012-02-20 19:22:04] request.ERROR: Symfony\Component\HttpKernel\Exception\NotFoundHttpException: No route found for "GET /css/style.css" (uncaught exception) at C:\wamp\www\poivre\app\cache\prod\classes.php line 4560 [] []
[2012-02-20 19:22:13] security.INFO: Populated SecurityContext with an anonymous Token [] []
[2012-02-20 19:22:13] request.ERROR: Symfony\Component\HttpKernel\Exception\NotFoundHttpException: No route found for "GET /login" (uncaught exception) at C:\wamp\www\poivre\app\cache\prod\classes.php line 4560 [] []
[2012-02-20 19:26:55] request.ERROR: Symfony\Component\HttpKernel\Exception\NotFoundHttpException: No route found for "GET /css/style.css" (uncaught exception) at C:\wamp\www\poivre\app\cache\prod\classes.php line 4560 [] []
[2012-02-20 19:27:53] request.ERROR: Symfony\Component\HttpKernel\Exception\NotFoundHttpException: No route found for "GET /css/style.css" (uncaught exception) at C:\wamp\www\poivre\app\cache\prod\classes.php line 4560 [] []
[2012-02-20 19:28:10] request.ERROR: Symfony\Component\HttpKernel\Exception\NotFoundHttpException: No route found for "GET /css/style.css" (uncaught exception) at C:\wamp\www\poivre\app\cache\prod\classes.php line 4560 [] []
[2012-02-20 19:28:56] request.ERROR: Symfony\Component\HttpKernel\Exception\NotFoundHttpException: No route found for "GET /css/style.css" (uncaught exception) at C:\wamp\www\poivre\app\cache\prod\classes.php line 4560 [] []
[2012-02-20 19:28:58] request.ERROR: Symfony\Component\HttpKernel\Exception\NotFoundHttpException: No route found for "GET /css/style.css" (uncaught exception) at C:\wamp\www\poivre\app\cache\prod\classes.php line 4560 [] []
[2012-02-20 19:29:00] request.ERROR: Symfony\Component\HttpKernel\Exception\NotFoundHttpException: No route found for "GET /css/style.css" (uncaught exception) at C:\wamp\www\poivre\app\cache\prod\classes.php line 4560 [] []
[2012-02-20 19:29:09] request.ERROR: Symfony\Component\HttpKernel\Exception\NotFoundHttpException: No route found for "GET /css/style.css" (uncaught exception) at C:\wamp\www\poivre\app\cache\prod\classes.php line 4560 [] []
[2012-02-20 19:29:38] request.ERROR: Symfony\Component\HttpKernel\Exception\NotFoundHttpException: No route found for "GET /css/style.css" (uncaught exception) at C:\wamp\www\poivre\app\cache\prod\classes.php line 4560 [] []
[2012-02-20 19:29:43] request.ERROR: Symfony\Component\HttpKernel\Exception\NotFoundHttpException: No route found for "GET /css/style.css" (uncaught exception) at C:\wamp\www\poivre\app\cache\prod\classes.php line 4560 [] []
[2012-02-20 19:30:09] request.ERROR: Symfony\Component\HttpKernel\Exception\NotFoundHttpException: No route found for "GET /css/style.css" (uncaught exception) at C:\wamp\www\poivre\vendor\symfony\src\Symfony\Bundle\FrameworkBundle\EventListener\RouterListener.php line 83 [] []
[2012-02-20 19:30:13] request.ERROR: Symfony\Component\HttpKernel\Exception\NotFoundHttpException: No route found for "GET /css/style.css" (uncaught exception) at C:\wamp\www\poivre\vendor\symfony\src\Symfony\Bundle\FrameworkBundle\EventListener\RouterListener.php line 83 [] []
[2012-02-20 19:31:33] request.ERROR: Symfony\Component\HttpKernel\Exception\NotFoundHttpException: No route found for "GET /css/style.css" (uncaught exception) at C:\wamp\www\poivre\app\cache\prod\classes.php line 4560 [] []
[2012-02-20 19:31:35] request.ERROR: Symfony\Component\HttpKernel\Exception\NotFoundHttpException: No route found for "GET /css/style.css" (uncaught exception) at C:\wamp\www\poivre\app\cache\prod\classes.php line 4560 [] []
[2012-02-20 19:42:30] request.ERROR: Symfony\Component\HttpKernel\Exception\NotFoundHttpException: No route found for "GET /css/style.css" (uncaught exception) at C:\wamp\www\poivre\app\cache\prod\classes.php line 4560 [] []
[2012-02-20 19:44:44] request.ERROR: Symfony\Component\HttpKernel\Exception\NotFoundHttpException: No route found for "GET /css/style.css" (uncaught exception) at C:\wamp\www\poivre\app\cache\prod\classes.php line 4560 [] []
[2012-02-20 19:50:41] request.ERROR: Symfony\Component\HttpKernel\Exception\NotFoundHttpException: No route found for "GET /css/style.css" (uncaught exception) at C:\wamp\www\poivre\app\cache\prod\classes.php line 4560 [] []
[2012-02-20 19:51:46] request.ERROR: Symfony\Component\HttpKernel\Exception\NotFoundHttpException: No route found for "GET /css/style.css" (uncaught exception) at C:\wamp\www\poivre\app\cache\prod\classes.php line 4560 [] []
[2012-02-21 08:16:25] request.ERROR: Symfony\Component\HttpKernel\Exception\NotFoundHttpException: No route found for "GET /css/style.css" (uncaught exception) at C:\wamp\www\poivre\app\cache\prod\classes.php line 4560 [] []
[2012-02-21 08:17:45] request.ERROR: Symfony\Component\HttpKernel\Exception\NotFoundHttpException: No route found for "GET /css/style.css" (uncaught exception) at C:\wamp\www\poivre\app\cache\prod\classes.php line 4560 [] []
[2012-02-21 08:18:18] request.ERROR: Symfony\Component\HttpKernel\Exception\NotFoundHttpException: No route found for "GET /css/style.css" (uncaught exception) at C:\wamp\www\poivre\app\cache\prod\classes.php line 4560 [] []
[2012-02-21 08:18:24] request.ERROR: Symfony\Component\HttpKernel\Exception\NotFoundHttpException: No route found for "GET /css/style.css" (uncaught exception) at C:\wamp\www\poivre\app\cache\prod\classes.php line 4560 [] []
[2012-02-21 08:19:41] request.ERROR: Symfony\Component\HttpKernel\Exception\NotFoundHttpException: No route found for "GET /css/style.css" (uncaught exception) at C:\wamp\www\poivre\app\cache\prod\classes.php line 4560 [] []
[2012-02-21 08:19:44] request.ERROR: Symfony\Component\HttpKernel\Exception\NotFoundHttpException: No route found for "GET /css/style.css" (uncaught exception) at C:\wamp\www\poivre\app\cache\prod\classes.php line 4560 [] []
[2012-02-21 08:19:46] request.ERROR: Symfony\Component\HttpKernel\Exception\NotFoundHttpException: No route found for "GET /css/style.css" (uncaught exception) at C:\wamp\www\poivre\app\cache\prod\classes.php line 4560 [] []
[2012-02-21 08:19:51] request.ERROR: Symfony\Component\HttpKernel\Exception\NotFoundHttpException: No route found for "GET /css/style.css" (uncaught exception) at C:\wamp\www\poivre\app\cache\prod\classes.php line 4560 [] []
[2012-02-21 08:20:17] request.ERROR: Symfony\Component\HttpKernel\Exception\NotFoundHttpException: No route found for "GET /css/style.css" (uncaught exception) at C:\wamp\www\poivre\app\cache\prod\classes.php line 4560 [] []
[2012-02-21 08:20:19] request.ERROR: Symfony\Component\HttpKernel\Exception\NotFoundHttpException: No route found for "GET /css/style.css" (uncaught exception) at C:\wamp\www\poivre\app\cache\prod\classes.php line 4560 [] []
[2012-02-21 08:20:22] request.ERROR: Symfony\Component\HttpKernel\Exception\NotFoundHttpException: No route found for "GET /css/style.css" (uncaught exception) at C:\wamp\www\poivre\app\cache\prod\classes.php line 4560 [] []
[2012-02-21 08:20:25] request.ERROR: Symfony\Component\HttpKernel\Exception\NotFoundHttpException: No route found for "GET /css/style.css" (uncaught exception) at C:\wamp\www\poivre\app\cache\prod\classes.php line 4560 [] []
[2012-02-21 08:20:53] request.ERROR: Symfony\Component\HttpKernel\Exception\NotFoundHttpException: No route found for "GET /css/style.css" (uncaught exception) at C:\wamp\www\poivre\app\cache\prod\classes.php line 4560 [] []
[2012-02-21 08:21:39] request.ERROR: Symfony\Component\HttpKernel\Exception\NotFoundHttpException: No route found for "GET /css/style.css" (uncaught exception) at C:\wamp\www\poivre\app\cache\prod\classes.php line 4560 [] []
[2012-02-21 08:21:42] request.ERROR: Symfony\Component\HttpKernel\Exception\NotFoundHttpException: No route found for "GET /css/style.css" (uncaught exception) at C:\wamp\www\poivre\app\cache\prod\classes.php line 4560 [] []
[2012-02-21 08:24:09] request.ERROR: Symfony\Component\HttpKernel\Exception\NotFoundHttpException: No route found for "GET /css/style.css" (uncaught exception) at C:\wamp\www\poivre\app\cache\prod\classes.php line 4560 [] []
[2012-02-21 08:24:18] request.ERROR: Symfony\Component\HttpKernel\Exception\NotFoundHttpException: No route found for "GET /css/style.css" (uncaught exception) at C:\wamp\www\poivre\app\cache\prod\classes.php line 4560 [] []
[2012-02-21 08:24:35] security.INFO: Populated SecurityContext with an anonymous Token [] []
[2012-02-21 08:24:35] request.ERROR: Symfony\Component\HttpKernel\Exception\NotFoundHttpException: No route found for "GET /web_app.php/login" (uncaught exception) at C:\wamp\www\poivre\app\cache\prod\classes.php line 4560 [] []
[2012-02-21 08:24:42] request.ERROR: Symfony\Component\HttpKernel\Exception\NotFoundHttpException: No route found for "GET /css/style.css" (uncaught exception) at C:\wamp\www\poivre\app\cache\prod\classes.php line 4560 [] []
[2012-02-21 08:25:07] request.ERROR: Symfony\Component\HttpKernel\Exception\NotFoundHttpException: No route found for "GET /css/style.css" (uncaught exception) at C:\wamp\www\poivre\app\cache\prod\classes.php line 4560 [] []
[2012-02-21 08:29:19] request.ERROR: Symfony\Component\HttpKernel\Exception\NotFoundHttpException: No route found for "GET /css/style.css" (uncaught exception) at C:\wamp\www\poivre\app\cache\prod\classes.php line 4560 [] []
[2012-02-21 08:29:23] request.ERROR: Symfony\Component\HttpKernel\Exception\NotFoundHttpException: No route found for "GET /css/style.css" (uncaught exception) at C:\wamp\www\poivre\app\cache\prod\classes.php line 4560 [] []
[2012-02-21 08:29:37] request.ERROR: Symfony\Component\HttpKernel\Exception\NotFoundHttpException: No route found for "GET /css/style.css" (uncaught exception) at C:\wamp\www\poivre\app\cache\prod\classes.php line 4560 [] []
[2012-02-21 08:34:35] request.ERROR: Symfony\Component\HttpKernel\Exception\NotFoundHttpException: No route found for "GET /css/style.css" (uncaught exception) at C:\wamp\www\poivre\app\cache\prod\classes.php line 4560 [] []
[2012-02-21 08:43:57] request.ERROR: Symfony\Component\HttpKernel\Exception\NotFoundHttpException: No route found for "GET /css/style.css" (uncaught exception) at C:\wamp\www\poivre\app\cache\prod\classes.php line 4560 [] []
[2012-02-21 08:55:03] request.ERROR: Symfony\Component\HttpKernel\Exception\NotFoundHttpException: No route found for "GET /css/style.css" (uncaught exception) at C:\wamp\www\poivre\app\cache\prod\classes.php line 4560 [] []
[2012-02-21 08:55:05] request.ERROR: Symfony\Component\HttpKernel\Exception\NotFoundHttpException: No route found for "GET /css/style.css" (uncaught exception) at C:\wamp\www\poivre\app\cache\prod\classes.php line 4560 [] []
[2012-02-21 08:56:22] request.ERROR: Symfony\Component\HttpKernel\Exception\NotFoundHttpException: No route found for "GET /css/style.css" (uncaught exception) at C:\wamp\www\poivre\app\cache\prod\classes.php line 4560 [] []
[2012-02-21 08:56:26] request.ERROR: Symfony\Component\HttpKernel\Exception\NotFoundHttpException: No route found for "GET /css/style.css" (uncaught exception) at C:\wamp\www\poivre\app\cache\prod\classes.php line 4560 [] []
